2022-07-08 21:44:08,156 INFO o.a.j.u.JMeterUtils: Setting Locale to en_EN
2022-07-08 21:44:08,166 INFO o.a.j.JMeter: Loading user properties from: C:\bin\apache-jmeter-5.5\apache-jmeter-5.5\bin\user.properties
2022-07-08 21:44:08,166 INFO o.a.j.JMeter: Loading system properties from: C:\bin\apache-jmeter-5.5\apache-jmeter-5.5\bin\system.properties
2022-07-08 21:44:08,175 INFO o.a.j.JMeter: Copyright (c) 1998-2022 The Apache Software Foundation
2022-07-08 21:44:08,175 INFO o.a.j.JMeter: Version 5.5
2022-07-08 21:44:08,175 INFO o.a.j.JMeter: java.version=1.8.0_311
2022-07-08 21:44:08,176 INFO o.a.j.JMeter: java.vm.name=Java HotSpot(TM) 64-Bit Server VM
2022-07-08 21:44:08,176 INFO o.a.j.JMeter: os.name=Windows 10
2022-07-08 21:44:08,176 INFO o.a.j.JMeter: os.arch=amd64
2022-07-08 21:44:08,176 INFO o.a.j.JMeter: os.version=10.0
2022-07-08 21:44:08,176 INFO o.a.j.JMeter: file.encoding=Cp1252
2022-07-08 21:44:08,176 INFO o.a.j.JMeter: java.awt.headless=null
2022-07-08 21:44:08,177 INFO o.a.j.JMeter: Max memory     =1073741824
2022-07-08 21:44:08,177 INFO o.a.j.JMeter: Available Processors =8
2022-07-08 21:44:08,181 INFO o.a.j.JMeter: Default Locale=English (EN)
2022-07-08 21:44:08,182 INFO o.a.j.JMeter: JMeter  Locale=English (EN)
2022-07-08 21:44:08,182 INFO o.a.j.JMeter: JMeterHome=C:\bin\apache-jmeter-5.5\apache-jmeter-5.5
2022-07-08 21:44:08,182 INFO o.a.j.JMeter: user.dir  =C:\Users\lakshya.sharma\Desktop\Reskilling\5_Azure\Project_3\lakshya_quality_assurance
2022-07-08 21:44:08,183 INFO o.a.j.JMeter: PWD       =C:\Users\lakshya.sharma\Desktop\Reskilling\5_Azure\Project_3\lakshya_quality_assurance
2022-07-08 21:44:08,184 INFO o.a.j.JMeter: IP: 192.168.122.188 Name: BNGECO-L-87162 FullName: BNGECO-L-87162.asia-pac.shell.com
2022-07-08 21:44:08,211 INFO o.a.j.JMeter: Loaded icon properties from org/apache/jmeter/images/icon.properties
2022-07-08 21:44:08,520 INFO o.a.j.JMeterGuiLauncher: Setting LAF to: com.github.weisj.darklaf.DarkLaf:com.github.weisj.darklaf.theme.DarculaTheme
2022-07-08 21:44:10,059 INFO o.a.j.JMeterGuiLauncher: Loading file: .\automatedtesting\jmeter\Stress_Test.jmx
2022-07-08 21:44:10,063 INFO o.a.j.s.FileServer: Default base='C:\Users\lakshya.sharma\Desktop\Reskilling\5_Azure\Project_3\lakshya_quality_assurance'
2022-07-08 21:44:10,064 INFO o.a.j.s.FileServer: Set new base='C:\Users\lakshya.sharma\Desktop\Reskilling\5_Azure\Project_3\lakshya_quality_assurance\.\automatedtesting\jmeter'
2022-07-08 21:44:10,323 INFO o.a.j.s.SaveService: Testplan (JMX) version: 2.2. Testlog (JTL) version: 2.2
2022-07-08 21:44:10,339 INFO o.a.j.s.SaveService: Using SaveService properties file encoding UTF-8
2022-07-08 21:44:10,341 INFO o.a.j.s.SaveService: Using SaveService properties version 5.0
2022-07-08 21:44:10,346 INFO o.a.j.s.SaveService: Loading file: .\automatedtesting\jmeter\Stress_Test.jmx
2022-07-08 21:44:10,371 INFO o.a.j.p.h.s.HTTPSamplerBase: Parser for text/html is org.apache.jmeter.protocol.http.parser.LagartoBasedHtmlParser
2022-07-08 21:44:10,371 INFO o.a.j.p.h.s.HTTPSamplerBase: Parser for application/xhtml+xml is org.apache.jmeter.protocol.http.parser.LagartoBasedHtmlParser
2022-07-08 21:44:10,372 INFO o.a.j.p.h.s.HTTPSamplerBase: Parser for application/xml is org.apache.jmeter.protocol.http.parser.LagartoBasedHtmlParser
2022-07-08 21:44:10,372 INFO o.a.j.p.h.s.HTTPSamplerBase: Parser for text/xml is org.apache.jmeter.protocol.http.parser.LagartoBasedHtmlParser
2022-07-08 21:44:10,372 INFO o.a.j.p.h.s.HTTPSamplerBase: Parser for text/vnd.wap.wml is org.apache.jmeter.protocol.http.parser.RegexpHTMLParser
2022-07-08 21:44:10,372 INFO o.a.j.p.h.s.HTTPSamplerBase: Parser for text/css is org.apache.jmeter.protocol.http.parser.CssParser
2022-07-08 21:44:10,434 INFO o.a.j.s.FileServer: Set new base='C:\Users\lakshya.sharma\Desktop\Reskilling\5_Azure\Project_3\lakshya_quality_assurance\.\automatedtesting\jmeter'
2022-07-08 21:44:10,595 INFO o.a.j.s.SampleResult: Note: Sample TimeStamps are START times
2022-07-08 21:44:10,596 INFO o.a.j.s.SampleResult: sampleresult.default.encoding is set to ISO-8859-1
2022-07-08 21:44:10,596 INFO o.a.j.s.SampleResult: sampleresult.useNanoTime=true
2022-07-08 21:44:10,596 INFO o.a.j.s.SampleResult: sampleresult.nanoThreadSleep=5000
