2022-07-08 21:12:01,601 INFO o.a.j.u.JMeterUtils: Setting Locale to en_EN
2022-07-08 21:12:01,617 INFO o.a.j.JMeter: Loading user properties from: C:\bin\apache-jmeter-5.5\apache-jmeter-5.5\bin\user.properties
2022-07-08 21:12:01,618 INFO o.a.j.JMeter: Loading system properties from: C:\bin\apache-jmeter-5.5\apache-jmeter-5.5\bin\system.properties
2022-07-08 21:12:01,633 INFO o.a.j.JMeter: Copyright (c) 1998-2022 The Apache Software Foundation
2022-07-08 21:12:01,633 INFO o.a.j.JMeter: Version 5.5
2022-07-08 21:12:01,633 INFO o.a.j.JMeter: java.version=1.8.0_311
2022-07-08 21:12:01,633 INFO o.a.j.JMeter: java.vm.name=Java HotSpot(TM) 64-Bit Server VM
2022-07-08 21:12:01,633 INFO o.a.j.JMeter: os.name=Windows 10
2022-07-08 21:12:01,633 INFO o.a.j.JMeter: os.arch=amd64
2022-07-08 21:12:01,633 INFO o.a.j.JMeter: os.version=10.0
2022-07-08 21:12:01,634 INFO o.a.j.JMeter: file.encoding=Cp1252
2022-07-08 21:12:01,634 INFO o.a.j.JMeter: java.awt.headless=true
2022-07-08 21:12:01,634 INFO o.a.j.JMeter: Max memory     =1073741824
2022-07-08 21:12:01,634 INFO o.a.j.JMeter: Available Processors =8
2022-07-08 21:12:01,643 INFO o.a.j.JMeter: Default Locale=English (EN)
2022-07-08 21:12:01,643 INFO o.a.j.JMeter: JMeter  Locale=English (EN)
2022-07-08 21:12:01,643 INFO o.a.j.JMeter: JMeterHome=C:\bin\apache-jmeter-5.5\apache-jmeter-5.5
2022-07-08 21:12:01,643 INFO o.a.j.JMeter: user.dir  =C:\Users\lakshya.sharma\Desktop\Reskilling\5_Azure\Project_3\lakshya_quality_assurance
2022-07-08 21:12:01,644 INFO o.a.j.JMeter: PWD       =C:\Users\lakshya.sharma\Desktop\Reskilling\5_Azure\Project_3\lakshya_quality_assurance
2022-07-08 21:12:01,645 INFO o.a.j.JMeter: IP: 192.168.122.188 Name: BNGECO-L-87162 FullName: BNGECO-L-87162.asia-pac.shell.com
2022-07-08 21:12:01,687 INFO o.a.j.JMeter: Setting property 'jmeter.reportgenerator.outputdir' to:'C:\Users\lakshya.sharma\Desktop\Reskilling\5_Azure\Project_3\lakshya_quality_assurance\automatedtesting\jmeter\endurancereport'
2022-07-08 21:12:01,691 INFO o.a.j.s.FileServer: Default base='C:\Users\lakshya.sharma\Desktop\Reskilling\5_Azure\Project_3\lakshya_quality_assurance'
2022-07-08 21:12:01,692 INFO o.a.j.s.FileServer: Set new base='C:\Users\lakshya.sharma\Desktop\Reskilling\5_Azure\Project_3\lakshya_quality_assurance\automatedtesting\jmeter'
2022-07-08 21:12:01,849 INFO o.a.j.s.SaveService: Testplan (JMX) version: 2.2. Testlog (JTL) version: 2.2
2022-07-08 21:12:01,870 INFO o.a.j.s.SaveService: Using SaveService properties file encoding UTF-8
2022-07-08 21:12:01,874 INFO o.a.j.s.SaveService: Using SaveService properties version 5.0
2022-07-08 21:12:01,879 INFO o.a.j.s.SaveService: Loading file: automatedtesting\jmeter\Endurance_Test.jmx
2022-07-08 21:12:01,927 INFO o.a.j.p.h.s.HTTPSamplerBase: Parser for text/html is org.apache.jmeter.protocol.http.parser.LagartoBasedHtmlParser
2022-07-08 21:12:01,928 INFO o.a.j.p.h.s.HTTPSamplerBase: Parser for application/xhtml+xml is org.apache.jmeter.protocol.http.parser.LagartoBasedHtmlParser
2022-07-08 21:12:01,928 INFO o.a.j.p.h.s.HTTPSamplerBase: Parser for application/xml is org.apache.jmeter.protocol.http.parser.LagartoBasedHtmlParser
2022-07-08 21:12:01,928 INFO o.a.j.p.h.s.HTTPSamplerBase: Parser for text/xml is org.apache.jmeter.protocol.http.parser.LagartoBasedHtmlParser
2022-07-08 21:12:01,928 INFO o.a.j.p.h.s.HTTPSamplerBase: Parser for text/vnd.wap.wml is org.apache.jmeter.protocol.http.parser.RegexpHTMLParser
2022-07-08 21:12:01,928 INFO o.a.j.p.h.s.HTTPSamplerBase: Parser for text/css is org.apache.jmeter.protocol.http.parser.CssParser
2022-07-08 21:12:02,218 INFO o.a.j.JMeter: Creating summariser <summary>
2022-07-08 21:12:02,224 INFO o.a.j.r.d.ReportGenerator: ReportGenerator will use for Parsing the separator: ','
2022-07-08 21:12:02,224 INFO o.a.j.r.d.ReportGenerator: Will generate report at end of test from  results file: automatedtesting/jmeter/enduranceresults.jtl
2022-07-08 21:12:02,225 INFO o.a.j.r.d.ReportGenerator: Reading report generator properties from: C:\bin\apache-jmeter-5.5\apache-jmeter-5.5\bin\reportgenerator.properties
2022-07-08 21:12:02,226 INFO o.a.j.r.d.ReportGenerator: Merging with JMeter properties
2022-07-08 21:12:02,232 INFO o.a.j.r.c.ReportGeneratorConfiguration: Property 'jmeter.reportgenerator.temp_dir' not found, using default value 'temp' instead.
2022-07-08 21:12:02,237 INFO o.a.j.r.c.ReportGeneratorConfiguration: Property 'jmeter.reportgenerator.apdex_per_transaction' not found, using default value 'null' instead.
2022-07-08 21:12:02,237 INFO o.a.j.r.c.ReportGeneratorConfiguration: apdex_per_transaction is empty, not APDEX per transaction customization
2022-07-08 21:12:02,237 INFO o.a.j.r.c.ReportGeneratorConfiguration: Property 'jmeter.reportgenerator.sample_filter' not found, using default value 'null' instead.
2022-07-08 21:12:02,237 INFO o.a.j.r.c.ReportGeneratorConfiguration: Property 'jmeter.reportgenerator.report_title' not found, using default value 'null' instead.
2022-07-08 21:12:02,237 INFO o.a.j.r.c.ReportGeneratorConfiguration: Property 'jmeter.reportgenerator.start_date' not found, using default value 'null' instead.
2022-07-08 21:12:02,237 INFO o.a.j.r.c.ReportGeneratorConfiguration: Property 'jmeter.reportgenerator.end_date' not found, using default value 'null' instead.
2022-07-08 21:12:02,238 INFO o.a.j.r.c.ReportGeneratorConfiguration: Property 'jmeter.reportgenerator.date_format' not found, using default value 'null' instead.
2022-07-08 21:12:02,238 INFO o.a.j.r.c.ReportGeneratorConfiguration: Will use date range start date: null, end date: null
2022-07-08 21:12:02,246 INFO o.a.j.r.c.ReportGeneratorConfiguration: Property 'jmeter.reportgenerator.graph.totalTPS.exclude_controllers' not found, using default value 'false' instead.
2022-07-08 21:12:02,246 INFO o.a.j.r.c.ReportGeneratorConfiguration: Property 'jmeter.reportgenerator.graph.activeThreadsOverTime.exclude_controllers' not found, using default value 'false' instead.
2022-07-08 21:12:02,246 INFO o.a.j.r.c.ReportGeneratorConfiguration: Property 'jmeter.reportgenerator.graph.timeVsThreads.exclude_controllers' not found, using default value 'false' instead.
2022-07-08 21:12:02,246 INFO o.a.j.r.c.ReportGeneratorConfiguration: Property 'jmeter.reportgenerator.graph.responseTimeDistribution.exclude_controllers' not found, using default value 'false' instead.
2022-07-08 21:12:02,246 INFO o.a.j.r.c.ReportGeneratorConfiguration: Property 'jmeter.reportgenerator.graph.transactionsPerSecond.exclude_controllers' not found, using default value 'false' instead.
2022-07-08 21:12:02,247 INFO o.a.j.r.c.ReportGeneratorConfiguration: Property 'jmeter.reportgenerator.graph.responseTimePercentiles.exclude_controllers' not found, using default value 'false' instead.
2022-07-08 21:12:02,247 INFO o.a.j.r.c.ReportGeneratorConfiguration: Property 'jmeter.reportgenerator.graph.responseTimePercentilesOverTime.exclude_controllers' not found, using default value 'false' instead.
2022-07-08 21:12:02,247 INFO o.a.j.r.c.ReportGeneratorConfiguration: Property 'jmeter.reportgenerator.graph.responseTimesOverTime.exclude_controllers' not found, using default value 'false' instead.
2022-07-08 21:12:02,247 INFO o.a.j.r.c.ReportGeneratorConfiguration: Property 'jmeter.reportgenerator.graph.connectTimeOverTime.exclude_controllers' not found, using default value 'false' instead.
2022-07-08 21:12:02,248 INFO o.a.j.r.c.ReportGeneratorConfiguration: Property 'jmeter.reportgenerator.graph.latenciesOverTime.exclude_controllers' not found, using default value 'false' instead.
2022-07-08 21:12:02,249 INFO o.a.j.r.c.ReportGeneratorConfiguration: Property 'jmeter.reportgenerator.exporter.json.filters_only_sample_series' not found, using default value 'true' instead.
2022-07-08 21:12:02,249 INFO o.a.j.r.c.ReportGeneratorConfiguration: Property 'jmeter.reportgenerator.exporter.json.series_filter' not found, using default value '' instead.
2022-07-08 21:12:02,249 INFO o.a.j.r.c.ReportGeneratorConfiguration: Property 'jmeter.reportgenerator.exporter.json.show_controllers_only' not found, using default value 'false' instead.
2022-07-08 21:12:02,250 INFO o.a.j.r.c.ReportGeneratorConfiguration: Property 'jmeter.reportgenerator.exporter.html.filters_only_sample_series' not found, using default value 'true' instead.
2022-07-08 21:12:02,250 INFO o.a.j.r.c.ReportGeneratorConfiguration: Property 'jmeter.reportgenerator.exporter.html.series_filter' not found, using default value '' instead.
2022-07-08 21:12:02,251 INFO o.a.j.r.c.ReportGeneratorConfiguration: Property 'jmeter.reportgenerator.exporter.html.show_controllers_only' not found, using default value 'false' instead.
2022-07-08 21:12:02,267 INFO o.a.j.e.StandardJMeterEngine: Running the test!
2022-07-08 21:12:02,268 INFO o.a.j.s.SampleEvent: List of sample_variables: []
2022-07-08 21:12:02,269 INFO o.a.j.s.SampleEvent: List of sample_variables: []
2022-07-08 21:12:02,280 INFO o.a.j.e.u.CompoundVariable: Note: Function class names must contain the string: '.functions.'
2022-07-08 21:12:02,280 INFO o.a.j.e.u.CompoundVariable: Note: Function class names must not contain the string: '.gui.'
2022-07-08 21:12:02,597 INFO o.a.j.JMeter: Running test (1657294922597)
2022-07-08 21:12:02,629 INFO o.a.j.e.StandardJMeterEngine: Starting ThreadGroup: 1 : Endurance Test
2022-07-08 21:12:02,630 INFO o.a.j.e.StandardJMeterEngine: Starting 50 threads for group Endurance Test.
2022-07-08 21:12:02,630 INFO o.a.j.e.StandardJMeterEngine: Thread will continue on error
2022-07-08 21:12:02,630 INFO o.a.j.t.ThreadGroup: Starting thread group... number=1 threads=50 ramp-up=1 delayedStart=false
2022-07-08 21:12:02,638 INFO o.a.j.t.JMeterThread: Thread started: Endurance Test 1-1
2022-07-08 21:12:02,654 INFO o.a.j.t.JMeterThread: Thread started: Endurance Test 1-2
2022-07-08 21:12:02,670 INFO o.a.j.p.h.s.HTTPHCAbstractImpl: Local host = BNGECO-L-87162
2022-07-08 21:12:02,673 INFO o.a.j.t.JMeterThread: Thread started: Endurance Test 1-3
2022-07-08 21:12:02,676 INFO o.a.j.t.ThreadGroup: Started thread group number 1
2022-07-08 21:12:02,676 INFO o.a.j.e.StandardJMeterEngine: All thread groups have been started
2022-07-08 21:12:02,678 INFO o.a.j.p.h.s.HTTPHC4Impl: HTTP request retry count = 0
2022-07-08 21:12:02,679 INFO o.a.j.s.SampleResult: Note: Sample TimeStamps are START times
2022-07-08 21:12:02,680 INFO o.a.j.s.SampleResult: sampleresult.default.encoding is set to ISO-8859-1
2022-07-08 21:12:02,680 INFO o.a.j.s.SampleResult: sampleresult.useNanoTime=true
2022-07-08 21:12:02,680 INFO o.a.j.s.SampleResult: sampleresult.nanoThreadSleep=5000
2022-07-08 21:12:02,692 INFO o.a.j.t.JMeterThread: Thread started: Endurance Test 1-4
2022-07-08 21:12:02,711 INFO o.a.j.t.JMeterThread: Thread started: Endurance Test 1-5
2022-07-08 21:12:02,733 INFO o.a.j.t.JMeterThread: Thread started: Endurance Test 1-6
2022-07-08 21:12:02,752 INFO o.a.j.t.JMeterThread: Thread started: Endurance Test 1-7
2022-07-08 21:12:02,771 INFO o.a.j.t.JMeterThread: Thread started: Endurance Test 1-8
2022-07-08 21:12:02,791 INFO o.a.j.t.JMeterThread: Thread started: Endurance Test 1-9
2022-07-08 21:12:02,811 INFO o.a.j.t.JMeterThread: Thread started: Endurance Test 1-10
2022-07-08 21:12:02,831 INFO o.a.j.t.JMeterThread: Thread started: Endurance Test 1-11
2022-07-08 21:12:02,853 INFO o.a.j.t.JMeterThread: Thread started: Endurance Test 1-12
2022-07-08 21:12:02,872 INFO o.a.j.t.JMeterThread: Thread started: Endurance Test 1-13
2022-07-08 21:12:02,892 INFO o.a.j.t.JMeterThread: Thread started: Endurance Test 1-14
2022-07-08 21:12:02,912 INFO o.a.j.t.JMeterThread: Thread started: Endurance Test 1-15
2022-07-08 21:12:02,932 INFO o.a.j.t.JMeterThread: Thread started: Endurance Test 1-16
2022-07-08 21:12:02,952 INFO o.a.j.t.JMeterThread: Thread started: Endurance Test 1-17
2022-07-08 21:12:02,972 INFO o.a.j.t.JMeterThread: Thread started: Endurance Test 1-18
2022-07-08 21:12:02,993 INFO o.a.j.t.JMeterThread: Thread started: Endurance Test 1-19
2022-07-08 21:12:03,011 INFO o.a.j.t.JMeterThread: Thread started: Endurance Test 1-20
2022-07-08 21:12:03,032 INFO o.a.j.t.JMeterThread: Thread started: Endurance Test 1-21
2022-07-08 21:12:03,052 INFO o.a.j.t.JMeterThread: Thread started: Endurance Test 1-22
2022-07-08 21:12:03,072 INFO o.a.j.t.JMeterThread: Thread started: Endurance Test 1-23
2022-07-08 21:12:03,091 INFO o.a.j.t.JMeterThread: Thread started: Endurance Test 1-24
2022-07-08 21:12:03,091 INFO o.a.j.p.h.s.h.LazyLayeredConnectionSocketFactory: Setting up HTTPS TrustAll Socket Factory
2022-07-08 21:12:03,101 INFO o.a.j.u.JsseSSLManager: Using default SSL protocol: TLS
2022-07-08 21:12:03,101 INFO o.a.j.u.JsseSSLManager: SSL session context: per-thread
2022-07-08 21:12:03,112 INFO o.a.j.t.JMeterThread: Thread started: Endurance Test 1-25
2022-07-08 21:12:03,131 INFO o.a.j.t.JMeterThread: Thread started: Endurance Test 1-26
2022-07-08 21:12:03,151 INFO o.a.j.t.JMeterThread: Thread started: Endurance Test 1-27
2022-07-08 21:12:03,172 INFO o.a.j.t.JMeterThread: Thread started: Endurance Test 1-28
2022-07-08 21:12:03,192 INFO o.a.j.t.JMeterThread: Thread started: Endurance Test 1-29
2022-07-08 21:12:03,212 INFO o.a.j.t.JMeterThread: Thread started: Endurance Test 1-30
2022-07-08 21:12:03,232 INFO o.a.j.t.JMeterThread: Thread started: Endurance Test 1-31
2022-07-08 21:12:03,252 INFO o.a.j.t.JMeterThread: Thread started: Endurance Test 1-32
2022-07-08 21:12:03,272 INFO o.a.j.t.JMeterThread: Thread started: Endurance Test 1-33
2022-07-08 21:12:03,292 INFO o.a.j.t.JMeterThread: Thread started: Endurance Test 1-34
2022-07-08 21:12:03,311 INFO o.a.j.t.JMeterThread: Thread started: Endurance Test 1-35
2022-07-08 21:12:03,331 INFO o.a.j.t.JMeterThread: Thread started: Endurance Test 1-36
2022-07-08 21:12:03,351 INFO o.a.j.t.JMeterThread: Thread started: Endurance Test 1-37
2022-07-08 21:12:03,371 INFO o.a.j.t.JMeterThread: Thread started: Endurance Test 1-38
2022-07-08 21:12:03,391 INFO o.a.j.t.JMeterThread: Thread started: Endurance Test 1-39
2022-07-08 21:12:03,411 INFO o.a.j.t.JMeterThread: Thread started: Endurance Test 1-40
2022-07-08 21:12:03,431 INFO o.a.j.t.JMeterThread: Thread started: Endurance Test 1-41
2022-07-08 21:12:03,451 INFO o.a.j.t.JMeterThread: Thread started: Endurance Test 1-42
2022-07-08 21:12:03,471 INFO o.a.j.t.JMeterThread: Thread started: Endurance Test 1-43
2022-07-08 21:12:03,491 INFO o.a.j.t.JMeterThread: Thread started: Endurance Test 1-44
2022-07-08 21:12:03,511 INFO o.a.j.t.JMeterThread: Thread started: Endurance Test 1-45
2022-07-08 21:12:03,531 INFO o.a.j.t.JMeterThread: Thread started: Endurance Test 1-46
2022-07-08 21:12:03,551 INFO o.a.j.t.JMeterThread: Thread started: Endurance Test 1-47
2022-07-08 21:12:03,564 INFO o.a.j.u.SSLManager: JmeterKeyStore Location:  type JKS
2022-07-08 21:12:03,570 INFO o.a.j.u.SSLManager: KeyStore created OK
2022-07-08 21:12:03,570 WARN o.a.j.u.SSLManager: Keystore file not found, loading empty keystore
2022-07-08 21:12:03,571 INFO o.a.j.t.JMeterThread: Thread started: Endurance Test 1-48
2022-07-08 21:12:03,591 INFO o.a.j.t.JMeterThread: Thread started: Endurance Test 1-49
2022-07-08 21:12:03,611 INFO o.a.j.t.JMeterThread: Thread started: Endurance Test 1-50
2022-07-08 21:12:05,516 INFO o.a.j.r.Summariser: summary +      1 in 00:00:03 =    0.3/s Avg:  2418 Min:  2418 Max:  2418 Err:     1 (100.00%) Active: 50 Started: 50 Finished: 0
2022-07-08 21:12:22,636 INFO o.a.j.t.JMeterThread: Stopping because end time detected by thread: Endurance Test 1-2
2022-07-08 21:12:22,637 INFO o.a.j.t.JMeterThread: Thread finished: Endurance Test 1-2
2022-07-08 21:12:22,653 INFO o.a.j.t.JMeterThread: Stopping because end time detected by thread: Endurance Test 1-9
2022-07-08 21:12:22,653 INFO o.a.j.t.JMeterThread: Thread finished: Endurance Test 1-9
2022-07-08 21:12:22,658 INFO o.a.j.t.JMeterThread: Stopping because end time detected by thread: Endurance Test 1-6
2022-07-08 21:12:22,659 INFO o.a.j.t.JMeterThread: Thread finished: Endurance Test 1-6
2022-07-08 21:12:22,697 INFO o.a.j.t.JMeterThread: Stopping because end time detected by thread: Endurance Test 1-32
2022-07-08 21:12:22,697 INFO o.a.j.t.JMeterThread: Thread finished: Endurance Test 1-32
2022-07-08 21:12:22,837 INFO o.a.j.t.JMeterThread: Stopping because end time detected by thread: Endurance Test 1-16
2022-07-08 21:12:22,837 INFO o.a.j.t.JMeterThread: Stopping because end time detected by thread: Endurance Test 1-37
2022-07-08 21:12:22,837 INFO o.a.j.t.JMeterThread: Stopping because end time detected by thread: Endurance Test 1-27
2022-07-08 21:12:22,837 INFO o.a.j.t.JMeterThread: Stopping because end time detected by thread: Endurance Test 1-44
2022-07-08 21:12:22,837 INFO o.a.j.t.JMeterThread: Thread finished: Endurance Test 1-27
2022-07-08 21:12:22,837 INFO o.a.j.t.JMeterThread: Thread finished: Endurance Test 1-37
2022-07-08 21:12:22,837 INFO o.a.j.t.JMeterThread: Thread finished: Endurance Test 1-44
2022-07-08 21:12:22,837 INFO o.a.j.t.JMeterThread: Stopping because end time detected by thread: Endurance Test 1-49
2022-07-08 21:12:22,837 INFO o.a.j.t.JMeterThread: Stopping because end time detected by thread: Endurance Test 1-23
2022-07-08 21:12:22,837 INFO o.a.j.t.JMeterThread: Thread finished: Endurance Test 1-16
2022-07-08 21:12:22,837 INFO o.a.j.t.JMeterThread: Thread finished: Endurance Test 1-49
2022-07-08 21:12:22,837 INFO o.a.j.t.JMeterThread: Stopping because end time detected by thread: Endurance Test 1-21
2022-07-08 21:12:22,838 INFO o.a.j.t.JMeterThread: Thread finished: Endurance Test 1-21
2022-07-08 21:12:22,837 INFO o.a.j.t.JMeterThread: Stopping because end time detected by thread: Endurance Test 1-31
2022-07-08 21:12:22,838 INFO o.a.j.t.JMeterThread: Thread finished: Endurance Test 1-23
2022-07-08 21:12:22,838 INFO o.a.j.t.JMeterThread: Thread finished: Endurance Test 1-31
2022-07-08 21:12:22,917 INFO o.a.j.t.JMeterThread: Stopping because end time detected by thread: Endurance Test 1-12
2022-07-08 21:12:22,917 INFO o.a.j.t.JMeterThread: Stopping because end time detected by thread: Endurance Test 1-41
2022-07-08 21:12:22,917 INFO o.a.j.t.JMeterThread: Stopping because end time detected by thread: Endurance Test 1-4
2022-07-08 21:12:22,917 INFO o.a.j.t.JMeterThread: Stopping because end time detected by thread: Endurance Test 1-22
2022-07-08 21:12:22,917 INFO o.a.j.t.JMeterThread: Stopping because end time detected by thread: Endurance Test 1-18
2022-07-08 21:12:22,917 INFO o.a.j.t.JMeterThread: Thread finished: Endurance Test 1-4
2022-07-08 21:12:22,917 INFO o.a.j.t.JMeterThread: Thread finished: Endurance Test 1-22
2022-07-08 21:12:22,917 INFO o.a.j.t.JMeterThread: Thread finished: Endurance Test 1-12
2022-07-08 21:12:22,917 INFO o.a.j.t.JMeterThread: Thread finished: Endurance Test 1-41
2022-07-08 21:12:22,917 INFO o.a.j.t.JMeterThread: Thread finished: Endurance Test 1-18
2022-07-08 21:12:23,004 INFO o.a.j.t.JMeterThread: Stopping because end time detected by thread: Endurance Test 1-25
2022-07-08 21:12:23,004 INFO o.a.j.t.JMeterThread: Stopping because end time detected by thread: Endurance Test 1-29
2022-07-08 21:12:23,004 INFO o.a.j.t.JMeterThread: Thread finished: Endurance Test 1-25
2022-07-08 21:12:23,004 INFO o.a.j.t.JMeterThread: Thread finished: Endurance Test 1-29
2022-07-08 21:12:23,024 INFO o.a.j.t.JMeterThread: Stopping because end time detected by thread: Endurance Test 1-26
2022-07-08 21:12:23,024 INFO o.a.j.t.JMeterThread: Stopping because end time detected by thread: Endurance Test 1-13
2022-07-08 21:12:23,024 INFO o.a.j.t.JMeterThread: Thread finished: Endurance Test 1-26
2022-07-08 21:12:23,024 INFO o.a.j.t.JMeterThread: Thread finished: Endurance Test 1-13
2022-07-08 21:12:23,024 INFO o.a.j.t.JMeterThread: Stopping because end time detected by thread: Endurance Test 1-15
2022-07-08 21:12:23,024 INFO o.a.j.t.JMeterThread: Stopping because end time detected by thread: Endurance Test 1-48
2022-07-08 21:12:23,024 INFO o.a.j.t.JMeterThread: Stopping because end time detected by thread: Endurance Test 1-40
2022-07-08 21:12:23,024 INFO o.a.j.t.JMeterThread: Thread finished: Endurance Test 1-15
2022-07-08 21:12:23,024 INFO o.a.j.t.JMeterThread: Thread finished: Endurance Test 1-48
2022-07-08 21:12:23,024 INFO o.a.j.t.JMeterThread: Thread finished: Endurance Test 1-40
2022-07-08 21:12:23,072 INFO o.a.j.t.JMeterThread: Stopping because end time detected by thread: Endurance Test 1-43
2022-07-08 21:12:23,072 INFO o.a.j.t.JMeterThread: Thread finished: Endurance Test 1-43
2022-07-08 21:12:23,112 INFO o.a.j.t.JMeterThread: Stopping because end time detected by thread: Endurance Test 1-11
2022-07-08 21:12:23,113 INFO o.a.j.t.JMeterThread: Thread finished: Endurance Test 1-11
2022-07-08 21:12:23,140 INFO o.a.j.t.JMeterThread: Stopping because end time detected by thread: Endurance Test 1-24
2022-07-08 21:12:23,140 INFO o.a.j.t.JMeterThread: Thread finished: Endurance Test 1-24
2022-07-08 21:12:23,145 INFO o.a.j.t.JMeterThread: Stopping because end time detected by thread: Endurance Test 1-20
2022-07-08 21:12:23,146 INFO o.a.j.t.JMeterThread: Thread finished: Endurance Test 1-20
2022-07-08 21:12:23,153 INFO o.a.j.t.JMeterThread: Stopping because end time detected by thread: Endurance Test 1-50
2022-07-08 21:12:23,153 INFO o.a.j.t.JMeterThread: Stopping because end time detected by thread: Endurance Test 1-33
2022-07-08 21:12:23,153 INFO o.a.j.t.JMeterThread: Thread finished: Endurance Test 1-50
2022-07-08 21:12:23,153 INFO o.a.j.t.JMeterThread: Thread finished: Endurance Test 1-33
2022-07-08 21:12:23,164 INFO o.a.j.t.JMeterThread: Stopping because end time detected by thread: Endurance Test 1-28
2022-07-08 21:12:23,164 INFO o.a.j.t.JMeterThread: Stopping because end time detected by thread: Endurance Test 1-39
2022-07-08 21:12:23,164 INFO o.a.j.t.JMeterThread: Thread finished: Endurance Test 1-28
2022-07-08 21:12:23,164 INFO o.a.j.t.JMeterThread: Thread finished: Endurance Test 1-39
2022-07-08 21:12:23,172 INFO o.a.j.t.JMeterThread: Stopping because end time detected by thread: Endurance Test 1-34
2022-07-08 21:12:23,172 INFO o.a.j.t.JMeterThread: Thread finished: Endurance Test 1-34
2022-07-08 21:12:23,175 INFO o.a.j.t.JMeterThread: Stopping because end time detected by thread: Endurance Test 1-36
2022-07-08 21:12:23,175 INFO o.a.j.t.JMeterThread: Stopping because end time detected by thread: Endurance Test 1-10
2022-07-08 21:12:23,176 INFO o.a.j.t.JMeterThread: Thread finished: Endurance Test 1-36
2022-07-08 21:12:23,176 INFO o.a.j.t.JMeterThread: Thread finished: Endurance Test 1-10
2022-07-08 21:12:23,191 INFO o.a.j.t.JMeterThread: Stopping because end time detected by thread: Endurance Test 1-30
2022-07-08 21:12:23,191 INFO o.a.j.t.JMeterThread: Thread finished: Endurance Test 1-30
2022-07-08 21:12:23,235 INFO o.a.j.t.JMeterThread: Stopping because end time detected by thread: Endurance Test 1-45
2022-07-08 21:12:23,236 INFO o.a.j.t.JMeterThread: Thread finished: Endurance Test 1-45
2022-07-08 21:12:23,259 INFO o.a.j.t.JMeterThread: Stopping because end time detected by thread: Endurance Test 1-14
2022-07-08 21:12:23,259 INFO o.a.j.t.JMeterThread: Thread finished: Endurance Test 1-14
2022-07-08 21:12:23,272 INFO o.a.j.t.JMeterThread: Stopping because end time detected by thread: Endurance Test 1-5
2022-07-08 21:12:23,272 INFO o.a.j.t.JMeterThread: Stopping because end time detected by thread: Endurance Test 1-42
2022-07-08 21:12:23,272 INFO o.a.j.t.JMeterThread: Stopping because end time detected by thread: Endurance Test 1-8
2022-07-08 21:12:23,272 INFO o.a.j.t.JMeterThread: Thread finished: Endurance Test 1-5
2022-07-08 21:12:23,272 INFO o.a.j.t.JMeterThread: Stopping because end time detected by thread: Endurance Test 1-19
2022-07-08 21:12:23,272 INFO o.a.j.t.JMeterThread: Thread finished: Endurance Test 1-42
2022-07-08 21:12:23,273 INFO o.a.j.t.JMeterThread: Thread finished: Endurance Test 1-8
2022-07-08 21:12:23,273 INFO o.a.j.t.JMeterThread: Thread finished: Endurance Test 1-19
2022-07-08 21:12:23,284 INFO o.a.j.t.JMeterThread: Stopping because end time detected by thread: Endurance Test 1-35
2022-07-08 21:12:23,284 INFO o.a.j.t.JMeterThread: Stopping because end time detected by thread: Endurance Test 1-47
2022-07-08 21:12:23,284 INFO o.a.j.t.JMeterThread: Thread finished: Endurance Test 1-35
2022-07-08 21:12:23,284 INFO o.a.j.t.JMeterThread: Thread finished: Endurance Test 1-47
2022-07-08 21:12:23,320 INFO o.a.j.t.JMeterThread: Stopping because end time detected by thread: Endurance Test 1-7
2022-07-08 21:12:23,320 INFO o.a.j.t.JMeterThread: Thread finished: Endurance Test 1-7
2022-07-08 21:12:23,465 INFO o.a.j.t.JMeterThread: Stopping because end time detected by thread: Endurance Test 1-3
2022-07-08 21:12:23,466 INFO o.a.j.t.JMeterThread: Thread finished: Endurance Test 1-3
2022-07-08 21:12:23,466 INFO o.a.j.t.JMeterThread: Stopping because end time detected by thread: Endurance Test 1-1
2022-07-08 21:12:23,466 INFO o.a.j.t.JMeterThread: Stopping because end time detected by thread: Endurance Test 1-38
2022-07-08 21:12:23,466 INFO o.a.j.t.JMeterThread: Thread finished: Endurance Test 1-38
2022-07-08 21:12:23,466 INFO o.a.j.t.JMeterThread: Thread finished: Endurance Test 1-1
2022-07-08 21:12:23,542 INFO o.a.j.t.JMeterThread: Stopping because end time detected by thread: Endurance Test 1-17
2022-07-08 21:12:23,542 INFO o.a.j.t.JMeterThread: Thread finished: Endurance Test 1-17
2022-07-08 21:12:40,180 INFO o.a.j.t.JMeterThread: Stopping because end time detected by thread: Endurance Test 1-46
2022-07-08 21:12:40,180 INFO o.a.j.t.JMeterThread: Thread finished: Endurance Test 1-46
2022-07-08 21:12:40,181 INFO o.a.j.e.StandardJMeterEngine: Notifying test listeners of end of test
2022-07-08 21:12:40,184 INFO o.a.j.r.Summariser: summary +   2256 in 00:00:35 =   65.1/s Avg:   448 Min:   242 Max: 25473 Err:    25 (1.11%) Active: 0 Started: 50 Finished: 50
2022-07-08 21:12:40,185 INFO o.a.j.r.Summariser: summary =   2257 in 00:00:38 =   60.0/s Avg:   448 Min:   242 Max: 25473 Err:    26 (1.15%)
2022-07-08 21:12:40,186 INFO o.a.j.JMeter: Generating Dashboard
2022-07-08 21:12:40,186 INFO o.a.j.r.d.ReportGenerator: Flushing result collector before report Generation
2022-07-08 21:12:40,200 INFO o.a.j.r.p.NormalizerSampleConsumer: Using format, 'ms', to parse timeStamp field
2022-07-08 21:12:40,401 INFO o.a.j.r.p.AbstractSampleConsumer: class org.apache.jmeter.report.processor.AggregateConsumer#stopProducing(): beginDate produced 0 samples
2022-07-08 21:12:40,401 INFO o.a.j.r.p.AbstractSampleConsumer: class org.apache.jmeter.report.processor.AggregateConsumer#stopProducing(): endDate produced 0 samples
2022-07-08 21:12:40,403 INFO o.a.j.r.p.AbstractSampleConsumer: class org.apache.jmeter.report.processor.ApdexSummaryConsumer#stopProducing(): apdexSummary produced 0 samples
2022-07-08 21:12:40,404 INFO o.a.j.r.p.AbstractSampleConsumer: class org.apache.jmeter.report.processor.RequestsSummaryConsumer#stopProducing(): requestsSummary produced 0 samples
2022-07-08 21:12:40,412 INFO o.a.j.r.p.AbstractSampleConsumer: class org.apache.jmeter.report.processor.StatisticsSummaryConsumer#stopProducing(): statisticsSummary produced 0 samples
2022-07-08 21:12:40,419 INFO o.a.j.r.p.AbstractSampleConsumer: class org.apache.jmeter.report.processor.Top5ErrorsBySamplerConsumer#stopProducing(): top5ErrorsBySampler produced 0 samples
2022-07-08 21:12:40,419 INFO o.a.j.r.p.AbstractSampleConsumer: class org.apache.jmeter.report.processor.ErrorsSummaryConsumer#stopProducing(): errorsSummary produced 0 samples
2022-07-08 21:12:40,419 INFO o.a.j.r.p.AbstractSampleConsumer: class org.apache.jmeter.report.processor.graph.impl.HitsPerSecondGraphConsumer#stopProducing(): hitsPerSecond produced 0 samples
2022-07-08 21:12:40,466 INFO o.a.j.r.p.AbstractSampleConsumer: class org.apache.jmeter.report.processor.graph.impl.LatencyVSRequestGraphConsumer#stopProducing(): latencyVsRequest produced 0 samples
2022-07-08 21:12:40,467 INFO o.a.j.r.p.AbstractSampleConsumer: class org.apache.jmeter.report.processor.graph.impl.SyntheticResponseTimeDistributionGraphConsumer#stopProducing(): syntheticResponseTimeDistribution produced 0 samples
2022-07-08 21:12:40,467 INFO o.a.j.r.p.AbstractSampleConsumer: class org.apache.jmeter.report.processor.graph.impl.BytesThroughputGraphConsumer#stopProducing(): bytesThroughputOverTime produced 0 samples
2022-07-08 21:12:40,467 INFO o.a.j.r.p.AbstractSampleConsumer: class org.apache.jmeter.report.processor.graph.impl.CodesPerSecondGraphConsumer#stopProducing(): codesPerSecond produced 0 samples
2022-07-08 21:12:40,508 INFO o.a.j.r.p.AbstractSampleConsumer: class org.apache.jmeter.report.processor.graph.impl.ResponseTimeVSRequestGraphConsumer#stopProducing(): responseTimeVsRequest produced 0 samples
2022-07-08 21:12:40,510 INFO o.a.j.r.p.AbstractSampleConsumer: class org.apache.jmeter.report.processor.FilterConsumer#stopProducing(): startIntervalControlerFilter produced 15799 samples
2022-07-08 21:12:40,511 INFO o.a.j.r.p.AbstractSampleConsumer: class org.apache.jmeter.report.processor.graph.impl.TotalTPSGraphConsumer#stopProducing(): totalTPS produced 0 samples
2022-07-08 21:12:40,512 INFO o.a.j.r.p.AbstractSampleConsumer: class org.apache.jmeter.report.processor.graph.impl.ActiveThreadsGraphConsumer#stopProducing(): activeThreadsOverTime produced 0 samples
2022-07-08 21:12:40,512 INFO o.a.j.r.p.AbstractSampleConsumer: class org.apache.jmeter.report.processor.graph.impl.TimeVSThreadGraphConsumer#stopProducing(): timeVsThreads produced 0 samples
2022-07-08 21:12:40,513 INFO o.a.j.r.p.AbstractSampleConsumer: class org.apache.jmeter.report.processor.graph.impl.ResponseTimeDistributionGraphConsumer#stopProducing(): responseTimeDistribution produced 0 samples
2022-07-08 21:12:40,513 INFO o.a.j.r.p.AbstractSampleConsumer: class org.apache.jmeter.report.processor.graph.impl.TransactionsPerSecondGraphConsumer#stopProducing(): transactionsPerSecond produced 0 samples
2022-07-08 21:12:40,513 INFO o.a.j.r.p.AbstractSampleConsumer: class org.apache.jmeter.report.processor.graph.impl.ResponseTimePercentilesGraphConsumer#stopProducing(): responseTimePercentiles produced 0 samples
2022-07-08 21:12:40,515 INFO o.a.j.r.p.AbstractSampleConsumer: class org.apache.jmeter.report.processor.graph.impl.ResponseTimePercentilesOverTimeGraphConsumer#stopProducing(): responseTimePercentilesOverTime produced 0 samples
2022-07-08 21:12:40,517 INFO o.a.j.r.p.AbstractSampleConsumer: class org.apache.jmeter.report.processor.graph.impl.ResponseTimeOverTimeGraphConsumer#stopProducing(): responseTimesOverTime produced 0 samples
2022-07-08 21:12:40,517 INFO o.a.j.r.p.AbstractSampleConsumer: class org.apache.jmeter.report.processor.graph.impl.ConnectTimeOverTimeGraphConsumer#stopProducing(): connectTimeOverTime produced 0 samples
2022-07-08 21:12:40,517 INFO o.a.j.r.p.AbstractSampleConsumer: class org.apache.jmeter.report.processor.graph.impl.LatencyOverTimeGraphConsumer#stopProducing(): latenciesOverTime produced 0 samples
2022-07-08 21:12:40,517 INFO o.a.j.r.p.AbstractSampleConsumer: class org.apache.jmeter.report.processor.FilterConsumer#stopProducing(): nameFilter produced 33855 samples
2022-07-08 21:12:40,517 INFO o.a.j.r.p.AbstractSampleConsumer: class org.apache.jmeter.report.processor.FilterConsumer#stopProducing(): dateRangeFilter produced 6771 samples
2022-07-08 21:12:40,517 INFO o.a.j.r.p.AbstractSampleConsumer: class org.apache.jmeter.report.processor.NormalizerSampleConsumer#stopProducing(): normalizer produced 2257 samples
2022-07-08 21:12:40,519 INFO o.a.j.r.p.CsvFileSampleSource: produce(): 2257 samples produced in 294ms on channel 0
2022-07-08 21:12:40,519 INFO o.a.j.r.d.ReportGenerator: Exporting data using exporter:'json' of className:'org.apache.jmeter.report.dashboard.JsonExporter'
2022-07-08 21:12:40,683 INFO o.a.j.r.d.JsonExporter: Found data for consumer statisticsSummary in context
2022-07-08 21:12:40,684 INFO o.a.j.r.d.JsonExporter: Creating statistics for overall
2022-07-08 21:12:40,684 INFO o.a.j.r.d.JsonExporter: Creating statistics for other transactions
2022-07-08 21:12:40,685 INFO o.a.j.r.d.JsonExporter: Checking output folder
2022-07-08 21:12:40,686 INFO o.a.j.r.d.JsonExporter: Writing statistics JSON to C:\Users\lakshya.sharma\Desktop\Reskilling\5_Azure\Project_3\lakshya_quality_assurance\automatedtesting\jmeter\endurancereport\statistics.json
2022-07-08 21:12:40,735 INFO o.a.j.r.d.ReportGenerator: Exporting data using exporter:'html' of className:'org.apache.jmeter.report.dashboard.HtmlTemplateExporter'
2022-07-08 21:12:40,738 INFO o.a.j.r.d.HtmlTemplateExporter: Will generate dashboard in folder: C:\Users\lakshya.sharma\Desktop\Reskilling\5_Azure\Project_3\lakshya_quality_assurance\automatedtesting\jmeter\endurancereport
2022-07-08 21:12:40,859 INFO o.a.j.r.d.HtmlTemplateExporter: Report will be generated in: C:\Users\lakshya.sharma\Desktop\Reskilling\5_Azure\Project_3\lakshya_quality_assurance\automatedtesting\jmeter\endurancereport, creating folder structure
2022-07-08 21:12:40,865 INFO o.a.j.r.d.TemplateVisitor: Copying folder from 'C:\bin\apache-jmeter-5.5\apache-jmeter-5.5\bin\report-template' to 'C:\Users\lakshya.sharma\Desktop\Reskilling\5_Azure\Project_3\lakshya_quality_assurance\automatedtesting\jmeter\endurancereport', got message: C:\Users\lakshya.sharma\Desktop\Reskilling\5_Azure\Project_3\lakshya_quality_assurance\automatedtesting\jmeter\endurancereport, found non empty folder with following content [C:\Users\lakshya.sharma\Desktop\Reskilling\5_Azure\Project_3\lakshya_quality_assurance\automatedtesting\jmeter\endurancereport\statistics.json], will be ignored
2022-07-08 21:12:41,587 INFO o.a.j.JMeter: Dashboard generated
